<?xml version="1.0" encoding="UTF-8"?>
<testng-results ignored="0" total="1" passed="1" failed="0" skipped="0">
  <reporter-output>
  </reporter-output>
  <suite started-at="2024-04-18T02:27:18 IST" name="Default suite" finished-at="2024-04-18T02:29:07 IST" duration-ms="108661">
    <groups>
      <group name="cucumber">
        <method signature="AbstractTestNGCucumberTests.runScenario(io.cucumber.testng.PickleWrapper,io.cucumber.testng.FeatureWrapper)[pri:0, instance:TestRunner.CommerceRunner@5b03b9fe]" name="runScenario" class="io.cucumber.testng.AbstractTestNGCucumberTests"/>
      </group> <!-- cucumber -->
    </groups>
    <test started-at="2024-04-18T02:27:18 IST" name="Default test" finished-at="2024-04-18T02:29:07 IST" duration-ms="108661">
      <class name="TestRunner.CommerceRunner">
        <test-method is-config="true" signature="setValues()[pri:0, instance:TestRunner.CommerceRunner@5b03b9fe]" started-at="2024-04-18T02:27:18 IST" name="setValues" finished-at="2024-04-18T02:27:18 IST" duration-ms="13" status="PASS">
          <reporter-output>
          </reporter-output>
        </test-method> <!-- setValues -->
        <test-method is-config="true" signature="setUpClass(org.testng.ITestContext)[pri:0, instance:TestRunner.CommerceRunner@5b03b9fe]" started-at="2024-04-18T02:27:18 IST" name="setUpClass" finished-at="2024-04-18T02:27:20 IST" duration-ms="1209" status="PASS">
          <params>
            <param index="0">
              <value>
                <![CDATA[org.testng.TestRunner@648d0e6d]]>
              </value>
            </param>
          </params>
          <reporter-output>
          </reporter-output>
        </test-method> <!-- setUpClass -->
        <test-method signature="runScenario(io.cucumber.testng.PickleWrapper,io.cucumber.testng.FeatureWrapper)[pri:0, instance:TestRunner.CommerceRunner@5b03b9fe]" started-at="2024-04-18T02:27:20 IST" name="runScenario" description="Runs Cucumber Scenarios" data-provider="scenarios" finished-at="2024-04-18T02:29:05 IST" duration-ms="105416" status="PASS">
          <params>
            <param index="0">
              <value>
                <![CDATA["Adding Hair Products to cart and validating the Order placement"]]>
              </value>
            </param>
            <param index="1">
              <value>
                <![CDATA["Shopping"]]>
              </value>
            </param>
          </params>
          <reporter-output>
          </reporter-output>
        </test-method> <!-- runScenario -->
        <test-method is-config="true" signature="tearDownClass()[pri:0, instance:TestRunner.CommerceRunner@5b03b9fe]" started-at="2024-04-18T02:29:05 IST" name="tearDownClass" finished-at="2024-04-18T02:29:07 IST" duration-ms="1959" status="PASS">
          <reporter-output>
          </reporter-output>
        </test-method> <!-- tearDownClass -->
      </class> <!-- TestRunner.CommerceRunner -->
    </test> <!-- Default test -->
  </suite> <!-- Default suite -->
</testng-results>
